Arguments: 
  /usr/local/bin/node /opt/yarn-v1.22.19/bin/yarn.js install

PATH: 
  /usr/lib/git-core/:/usr/local/share/nvm/current/bin:/usr/local/share/npm-global/bin:/usr/local/sbin:/usr/local/bin:/usr/sbin:/usr/bin:/sbin:/bin:/root/.local/bin

Yarn version: 
  1.22.19

Node version: 
  20.9.0

Platform: 
  linux x64

Trace: 
  Error: EEXIST: file already exists, mkdir '/project/workspace/node_modules/react-bootstrap/node_modules'

npm manifest: 
  {
    "name": "wad200-w12-01",
    "version": "1.0.0",
    "description": "",
    "keywords": [],
    "main": "src/index.js",
    "dependencies": {
      "react": "18.3.1",
      "react-dom": "18.3.1",
      "bootstrap-icons": "1.11.3",
      "bootstrap": "5.3.3",
      "react-bootstrap-icons": "1.11.3",
      "react-youtube": "10.1.0",
      "gsap": "3.12.5",
      "react-gsap": "3.2.1",
      "@gsap/react": "2.1.0",
      "firebase": "10.11.1",
      "react-firebase-hooks": "5.1.1",
      "react-router-dom": "6.23.1",
      "react-bootstrap": "2.10.2",
      "bcryptjs": "2.4.3",
      "axios": "1.7.2",
      "gh-pages": "6.1.1"
    },
    "devDependencies": {
      "@babel/runtime": "7.13.8",
      "typescript": "4.1.3",
      "gh-pages": "6.1.1",
      "vite": "^5.0.11",
      "@vitejs/plugin-react": "^4.2.1"
    },
    "scripts": {
      "dev": "vite",
      "build": "tsc && vite build",
      "preview": "vite preview"
    },
    "homepage": "http://wehah.github.io/TrendingMoviesAndShows",
    "browserslist": [
      ">0.2%",
      "not dead",
      "not ie <= 11",
      "not op_mini all"
    ]
  }

yarn manifest: 
  No manifest

Lockfile: 
  No lockfile
